[debug] [2025-07-18T23:42:57.383Z] ----------------------------------------------------------------------
[debug] [2025-07-18T23:42:57.391Z] Command:       C:\Program Files\nodejs\node.exe C:\Users\user\AppData\Roaming\npm\node_modules\firebase-tools\lib\bin\firebase.js init
[debug] [2025-07-18T23:42:57.392Z] CLI Version:   14.11.0
[debug] [2025-07-18T23:42:57.393Z] Platform:      win32
[debug] [2025-07-18T23:42:57.393Z] Node Version:  v20.12.2
[debug] [2025-07-18T23:42:57.393Z] Time:          Sat Jul 19 2025 00:42:57 GMT+0100 (West Africa Standard Time)
[debug] [2025-07-18T23:42:57.395Z] ----------------------------------------------------------------------
[debug] 
[debug] [2025-07-18T23:42:57.870Z] > command requires scopes: ["email","openid","https://www.googleapis.com/auth/cloudplatformprojects.readonly","https://www.googleapis.com/auth/firebase","https://www.googleapis.com/auth/cloud-platform"]
[debug] [2025-07-18T23:42:57.871Z] > authorizing via signed-in user (jason.aghedo@gmail.com)
[info] 
     ######## #### ########  ######## ########     ###     ######  ########
     ##        ##  ##     ## ##       ##     ##  ##   ##  ##       ##
     ######    ##  ########  ######   ########  #########  ######  ######
     ##        ##  ##    ##  ##       ##     ## ##     ##       ## ##
     ##       #### ##     ## ######## ########  ##     ##  ######  ########

You're about to initialize a Firebase project in this directory:

  C:\Users\user\Desktop\FreeLance\clusteer-customer-dashboard

Before we get started, keep in mind:

  * You are initializing within an existing Firebase project directory

[debug] [2025-07-18T23:43:00.892Z] ExitPromptError: User force closed the prompt with SIGINT
    at Interface.sigint (C:\Users\user\AppData\Roaming\npm\node_modules\firebase-tools\node_modules\@inquirer\core\dist\commonjs\lib\create-prompt.js:101:37)
    at Interface.emit (node:events:518:28)
    at Interface.emit (node:domain:488:12)
    at [_ttyWrite] [as _ttyWrite] (node:internal/readline/interface:1125:18)
    at ReadStream.onkeypress (node:internal/readline/interface:264:20)
    at ReadStream.emit (node:events:530:35)
    at ReadStream.emit (node:domain:488:12)
    at emitKeys (node:internal/readline/utils:371:14)
    at emitKeys.next (<anonymous>)
    at ReadStream.onData (node:internal/readline/emitKeypressEvents:64:36)
[error] 
[error] Error: An unexpected error has occurred.
